[32299][1616491495286][main][info]["Booting Postman 8.0.7, linux-5.10.25-1-lts on x64"]
[32299][1616491495289][main][info]["EventBus~initialize - Success"]
[32299][1616491495291][main][info]["Proxy configuration has not been setup"]
[32299][1616491495292][main][info]["CloudProxyManager~init - Success"]
[32299][1616491495300][main][info]["UpdateHandler~init - Success"]
[32299][1616491495524][main][info]["RuntimeIPCAgent~started: Success"]
[32299][1616491495529][main][info]["LeaderSelection: Initialized successfully"]
[32299][1616491495713][main][info]["LinuxAutoUpdater~Cleanup - Initial cleanup successful"]
[32299][1616491495793][main][info]["Bootstrap-models~bootstrap - Success"]
[32299][1616491496001][main][info]["window-manager~newSharedWindow: Shell loaded"]
[32299][1616491499765][main][info]["Main~AppEvents - Received booted event for process shared"]
[32299][1616491503045][main][info]["UpdateHandler~app-update-events - Received event",{"name":"checkForElectronVersionUpdated","namespace":"appUpdate"}]
[32299][1616491503081][main][info]["Main~AppEvents - Received booted event for process scratchpad"]
[32299][1616492298971][main][info]["Main~AppEvents - Received booted event for process shared"]
[32299][1616492303622][main][info]["UpdateHandler~app-update-events - Received event",{"name":"checkForElectronVersionUpdated","namespace":"appUpdate"}]
[32299][1616492303654][main][info]["Main~AppEvents - Received booted event for process scratchpad"]
[32299][1616492358048][main][info]["UpdateHandler~app-update-events - Received event",{"name":"checkForElectronVersionUpdated","namespace":"appUpdate"}]
[32299][1616492358083][main][info]["Main~AppEvents - Received booted event for process requester"]
[32299][1616503356185][main][info]["WindowManager~closeHandler - Closed Window (id: 6 )"]
[32299][1616503356312][main][info]["Quitting app"]
[169746][1616560770056][main][info]["Booting Postman 8.0.7, linux-5.10.25-1-lts on x64"]
[169746][1616560770061][main][info]["EventBus~initialize - Success"]
[169746][1616560770065][main][info]["Proxy configuration has not been setup"]
[169746][1616560770066][main][info]["CloudProxyManager~init - Success"]
[169746][1616560770079][main][info]["UpdateHandler~init - Success"]
[169746][1616560770620][main][info]["RuntimeIPCAgent~started: Success"]
[169746][1616560770633][main][info]["LeaderSelection: Initialized successfully"]
[169746][1616560771008][main][info]["LinuxAutoUpdater~Cleanup - Initial cleanup successful"]
[169746][1616560771422][main][info]["Bootstrap-models~bootstrap - Success"]
[169746][1616560771967][main][info]["window-manager~newSharedWindow: Shell loaded"]
[169746][1616560775509][main][info]["Main~AppEvents - Received booted event for process shared"]
[169746][1616560779623][main][info]["UpdateHandler~app-update-events - Received event",{"name":"checkForElectronVersionUpdated","namespace":"appUpdate"}]
[169746][1616560779649][main][info]["Main~AppEvents - Received booted event for process requester"]
[169746][1616594198933][main][info]["WindowManager~closeHandler - Closed Window (id: 3 )"]
[169746][1616594199004][main][info]["Quitting app"]
[241162][1616597974210][main][info]["Booting Postman 8.0.7, linux-5.10.25-1-lts on x64"]
[241162][1616597974213][main][info]["EventBus~initialize - Success"]
[241162][1616597974217][main][info]["Proxy configuration has not been setup"]
[241162][1616597974218][main][info]["CloudProxyManager~init - Success"]
[241162][1616597974225][main][info]["UpdateHandler~init - Success"]
[241162][1616597974656][main][info]["RuntimeIPCAgent~started: Success"]
[241162][1616597974667][main][info]["LeaderSelection: Initialized successfully"]
[241162][1616597974963][main][info]["LinuxAutoUpdater~Cleanup - Initial cleanup successful"]
[241162][1616597975044][main][info]["Bootstrap-models~bootstrap - Success"]
[241162][1616597975446][main][info]["window-manager~newSharedWindow: Shell loaded"]
[241162][1616597978882][main][info]["Main~AppEvents - Received booted event for process shared"]
[241162][1616597984082][main][info]["UpdateHandler~app-update-events - Received event",{"name":"checkForElectronVersionUpdated","namespace":"appUpdate"}]
[241162][1616597984151][main][info]["Main~AppEvents - Received booted event for process requester"]
[241162][1616597996692][main][info]["UpdateHandler~app-update-events - Received event",{"name":"updateElectron","namespace":"appUpdate","data":{"channel":"stable","version":"8.0.7","downloadVersion":"8.0.8","appId":"53d03492-d808-48d1-b829-643fb4a6da06","userAgent":"Mozilla/5.0 (X11; Linux x86_64) AppleWebKit/537.36 (KHTML, like Gecko) Postman/8.0.7 Chrome/83.0.4103.122 Electron/9.4.3 Safari/537.36","platform":"LINUX","arch":"64","downloadURL":"https://dl.pstmn.io/download/version/8.0.8/linux_64","updateServerDomain":"https://dl.pstmn.io/","additionalParamsString":"installationId=53d03492-d808-48d1-b829-643fb4a6da06&userId=7183087&syncEnabled=true&teamPlan=sync-free-forever-trial&teamId=879421","userId":"7183087"}}]
[241162][1616597996693][main][info]["LinuxUpdater~downloadUpdate - UpdateInfo received",{"channel":"stable","version":"8.0.7","downloadVersion":"8.0.8","appId":"53d03492-d808-48d1-b829-643fb4a6da06","userAgent":"Mozilla/5.0 (X11; Linux x86_64) AppleWebKit/537.36 (KHTML, like Gecko) Postman/8.0.7 Chrome/83.0.4103.122 Electron/9.4.3 Safari/537.36","platform":"LINUX","arch":"64","downloadURL":"https://dl.pstmn.io/download/version/8.0.8/linux_64","updateServerDomain":"https://dl.pstmn.io/","additionalParamsString":"installationId=53d03492-d808-48d1-b829-643fb4a6da06&userId=7183087&syncEnabled=true&teamPlan=sync-free-forever-trial&teamId=879421","userId":"7183087"}]
[241162][1616597998107][main][info]["@postman/app-updater: error",{"errno":-13,"code":"EACCES","syscall":"open","path":"/opt/postman/Postman-1616597996693.tar.gz","name":"Error","message":"EACCES: permission denied, open '/opt/postman/Postman-1616597996693.tar.gz'","stack":"Error: EACCES: permission denied, open '/opt/postman/Postman-1616597996693.tar.gz'"},{"packageName":"Postman","eID":"Postman-1616597996693","downloadURL":"https://dl.pstmn.io/download/version/8.0.8/linux_64","downloadDirectory":"/opt/postman","downloadInfo":{"status":"DOWNLOAD_ERROR","error":{"errno":-13,"code":"EACCES","syscall":"open","path":"/opt/postman/Postman-1616597996693.tar.gz"},"downloadDirectory":"/opt/postman"}}]
[241162][1616597998109][main][info]["UpdateHandler~app-update-events - Received event",{"name":"electronAppUpdateError","namespace":"appUpdate","data":{"error":{"errno":-13,"code":"EACCES","syscall":"open","path":"/opt/postman/Postman-1616597996693.tar.gz","name":"Error","message":"EACCES: permission denied, open '/opt/postman/Postman-1616597996693.tar.gz'","stack":"Error: EACCES: permission denied, open '/opt/postman/Postman-1616597996693.tar.gz'"},"updateData":{"packageName":"Postman","eID":"Postman-1616597996693","downloadURL":"https://dl.pstmn.io/download/version/8.0.8/linux_64","downloadDirectory":"/opt/postman","downloadInfo":{"status":"DOWNLOAD_ERROR","error":{"errno":-13,"code":"EACCES","syscall":"open","path":"/opt/postman/Postman-1616597996693.tar.gz"},"downloadDirectory":"/opt/postman"}}}}]
[241162][1616598907121][main][info]["WindowManager~closeHandler - Closed Window (id: 3 )"]
[241162][1616598907379][main][info]["Quitting app"]
[41457][1616749368096][main][info]["Booting Postman 8.0.9, linux-5.10.25-1-lts on x64"]
[41457][1616749368100][main][info]["EventBus~initialize - Success"]
[41457][1616749368104][main][info]["Proxy configuration has not been setup"]
[41457][1616749368104][main][info]["CloudProxyManager~init - Success"]
[41457][1616749368111][main][info]["UpdateHandler~init - Success"]
[41457][1616749368740][main][info]["RuntimeIPCAgent~started: Success"]
[41457][1616749368750][main][info]["LeaderSelection: Initialized successfully"]
[41457][1616749369240][main][info]["LinuxAutoUpdater~Cleanup - Initial cleanup successful"]
[41457][1616749369552][main][info]["Bootstrap-models~bootstrap - Success"]
[41457][1616749370018][main][info]["window-manager~newSharedWindow: Shell loaded"]
[41457][1616749373239][main][info]["Main~AppEvents - Received booted event for process shared"]
[41457][1616749377181][main][info]["UpdateHandler~app-update-events - Received event",{"name":"checkForElectronVersionUpdated","namespace":"appUpdate"}]
[41457][1616749377186][main][info]["@postman/app-updater: version Updated","8.0.7","8.0.9"]
[41457][1616749377187][main][info]["UpdateHandler~app-update-events - Received event",{"name":"electronVersionUpdated","namespace":"appUpdate","data":{"lastKnownVersion":"8.0.7","currentVersion":"8.0.9"}}]
[41457][1616749377221][main][info]["Main~AppEvents - Received booted event for process requester"]
[41457][1616772599571][main][info]["WindowManager~closeHandler - Closed Window (id: 3 )"]
[41457][1616772599679][main][info]["Quitting app"]
[250876][1617101343932][main][info]["Booting Postman 8.0.9, linux-5.10.25-1-lts on x64"]
[250876][1617101343937][main][info]["EventBus~initialize - Success"]
[250876][1617101343943][main][info]["Proxy configuration has not been setup"]
[250876][1617101343945][main][info]["CloudProxyManager~init - Success"]
[250876][1617101343956][main][info]["UpdateHandler~init - Success"]
[250876][1617101344455][main][info]["RuntimeIPCAgent~started: Success"]
[250876][1617101344460][main][info]["LeaderSelection: Initialized successfully"]
[250876][1617101344684][main][info]["LinuxAutoUpdater~Cleanup - Initial cleanup successful"]
[250876][1617101344752][main][info]["Bootstrap-models~bootstrap - Success"]
[250876][1617101345180][main][info]["window-manager~newSharedWindow: Shell loaded"]
[250876][1617101348339][main][info]["Main~AppEvents - Received booted event for process shared"]
[250876][1617101351939][main][info]["UpdateHandler~app-update-events - Received event",{"name":"checkForElectronVersionUpdated","namespace":"appUpdate"}]
[250876][1617101351965][main][info]["Main~AppEvents - Received booted event for process requester"]
[250876][1617101363299][main][info]["UpdateHandler~app-update-events - Received event",{"name":"updateElectron","namespace":"appUpdate","data":{"channel":"stable","version":"8.0.9","downloadVersion":"8.0.10","appId":"53d03492-d808-48d1-b829-643fb4a6da06","userAgent":"Mozilla/5.0 (X11; Linux x86_64) AppleWebKit/537.36 (KHTML, like Gecko) Postman/8.0.9 Chrome/83.0.4103.122 Electron/9.4.3 Safari/537.36","platform":"LINUX","arch":"64","downloadURL":"https://dl.pstmn.io/download/version/8.0.10/linux_64","updateServerDomain":"https://dl.pstmn.io/","additionalParamsString":"installationId=53d03492-d808-48d1-b829-643fb4a6da06&userId=7183087&syncEnabled=true&teamPlan=sync-free-forever-trial&teamId=879421","userId":"7183087"}}]
[250876][1617101363300][main][info]["LinuxUpdater~downloadUpdate - UpdateInfo received",{"channel":"stable","version":"8.0.9","downloadVersion":"8.0.10","appId":"53d03492-d808-48d1-b829-643fb4a6da06","userAgent":"Mozilla/5.0 (X11; Linux x86_64) AppleWebKit/537.36 (KHTML, like Gecko) Postman/8.0.9 Chrome/83.0.4103.122 Electron/9.4.3 Safari/537.36","platform":"LINUX","arch":"64","downloadURL":"https://dl.pstmn.io/download/version/8.0.10/linux_64","updateServerDomain":"https://dl.pstmn.io/","additionalParamsString":"installationId=53d03492-d808-48d1-b829-643fb4a6da06&userId=7183087&syncEnabled=true&teamPlan=sync-free-forever-trial&teamId=879421","userId":"7183087"}]
[250876][1617101363920][main][info]["@postman/app-updater: error",{"errno":-13,"code":"EACCES","syscall":"open","path":"/opt/postman/Postman-1617101363301.tar.gz","name":"Error","message":"EACCES: permission denied, open '/opt/postman/Postman-1617101363301.tar.gz'","stack":"Error: EACCES: permission denied, open '/opt/postman/Postman-1617101363301.tar.gz'"},{"packageName":"Postman","eID":"Postman-1617101363301","downloadURL":"https://dl.pstmn.io/download/version/8.0.10/linux_64","downloadDirectory":"/opt/postman","downloadInfo":{"status":"DOWNLOAD_ERROR","error":{"errno":-13,"code":"EACCES","syscall":"open","path":"/opt/postman/Postman-1617101363301.tar.gz"},"downloadDirectory":"/opt/postman"}}]
[250876][1617101363924][main][info]["UpdateHandler~app-update-events - Received event",{"name":"electronAppUpdateError","namespace":"appUpdate","data":{"error":{"errno":-13,"code":"EACCES","syscall":"open","path":"/opt/postman/Postman-1617101363301.tar.gz","name":"Error","message":"EACCES: permission denied, open '/opt/postman/Postman-1617101363301.tar.gz'","stack":"Error: EACCES: permission denied, open '/opt/postman/Postman-1617101363301.tar.gz'"},"updateData":{"packageName":"Postman","eID":"Postman-1617101363301","downloadURL":"https://dl.pstmn.io/download/version/8.0.10/linux_64","downloadDirectory":"/opt/postman","downloadInfo":{"status":"DOWNLOAD_ERROR","error":{"errno":-13,"code":"EACCES","syscall":"open","path":"/opt/postman/Postman-1617101363301.tar.gz"},"downloadDirectory":"/opt/postman"}}}}]
[250876][1617111992150][main][info]["WindowManager~closeHandler - Closed Window (id: 3 )"]
[250876][1617111992272][main][info]["Quitting app"]
[357453][1617173233353][main][info]["Booting Postman 8.0.10, linux-5.10.25-1-lts on x64"]
[357453][1617173233356][main][info]["EventBus~initialize - Success"]
[357453][1617173233360][main][info]["Proxy configuration has not been setup"]
[357453][1617173233361][main][info]["CloudProxyManager~init - Success"]
[357453][1617173233368][main][info]["UpdateHandler~init - Success"]
[357453][1617173233722][main][info]["RuntimeIPCAgent~started: Success"]
[357453][1617173233726][main][info]["LeaderSelection: Initialized successfully"]
[357453][1617173233958][main][info]["LinuxAutoUpdater~Cleanup - Initial cleanup successful"]
[357453][1617173234032][main][info]["Bootstrap-models~bootstrap - Success"]
[357453][1617173234757][main][info]["window-manager~newSharedWindow: Shell loaded"]
[357453][1617173238547][main][info]["Main~AppEvents - Received booted event for process shared"]
[357453][1617173242327][main][info]["UpdateHandler~app-update-events - Received event",{"name":"checkForElectronVersionUpdated","namespace":"appUpdate"}]
[357453][1617173242344][main][info]["Main~AppEvents - Received booted event for process requester"]
[357453][1617173242377][main][info]["@postman/app-updater: version Updated","8.0.9","8.0.10"]
[357453][1617173242378][main][info]["UpdateHandler~app-update-events - Received event",{"name":"electronVersionUpdated","namespace":"appUpdate","data":{"lastKnownVersion":"8.0.9","currentVersion":"8.0.10"}}]
[357453][1617197225074][main][info]["WindowManager~closeHandler - Closed Window (id: 3 )"]
[357453][1617197225257][main][info]["Quitting app"]
[22820][1617257996767][main][info]["Booting Postman 8.0.10, linux-5.10.27-1-lts on x64"]
[22820][1617257996773][main][info]["EventBus~initialize - Success"]
[22820][1617257996777][main][info]["Proxy configuration has not been setup"]
[22820][1617257996778][main][info]["CloudProxyManager~init - Success"]
[22820][1617257996786][main][info]["UpdateHandler~init - Success"]
[22820][1617257997126][main][info]["RuntimeIPCAgent~started: Success"]
[22820][1617257997131][main][info]["LeaderSelection: Initialized successfully"]
[22820][1617257997377][main][info]["LinuxAutoUpdater~Cleanup - Initial cleanup successful"]
[22820][1617257997456][main][info]["Bootstrap-models~bootstrap - Success"]
[22820][1617257997862][main][info]["window-manager~newSharedWindow: Shell loaded"]
[22820][1617258000255][main][info]["Main~AppEvents - Received booted event for process shared"]
[22820][1617258003033][main][info]["UpdateHandler~app-update-events - Received event",{"name":"checkForElectronVersionUpdated","namespace":"appUpdate"}]
[22820][1617258003044][main][info]["Main~AppEvents - Received booted event for process requester"]
[88185][1617282029468][main][info]["Booting Postman 8.0.10, linux-5.10.27-1-lts on x64"]
[88185][1617282029471][main][info]["EventBus~initialize - Success"]
[88185][1617282029473][main][info]["Proxy configuration has not been setup"]
[88185][1617282029474][main][info]["CloudProxyManager~init - Success"]
[88185][1617282029480][main][info]["UpdateHandler~init - Success"]
[88185][1617282029834][main][info]["RuntimeIPCAgent~started: Success"]
[88185][1617282029838][main][info]["LeaderSelection: Initialized successfully"]
[88185][1617282030041][main][info]["LinuxAutoUpdater~Cleanup - Initial cleanup successful"]
[88185][1617282030131][main][info]["Bootstrap-models~bootstrap - Success"]
[88185][1617282030485][main][info]["window-manager~newSharedWindow: Shell loaded"]
[88185][1617282033273][main][info]["Main~AppEvents - Received booted event for process shared"]
[88185][1617282035838][main][info]["UpdateHandler~app-update-events - Received event",{"name":"checkForElectronVersionUpdated","namespace":"appUpdate"}]
[88185][1617282035856][main][info]["Main~AppEvents - Received booted event for process requester"]
[88185][1617282046509][main][info]["UpdateHandler~app-update-events - Received event",{"name":"updateElectron","namespace":"appUpdate","data":{"channel":"stable","version":"8.0.10","downloadVersion":"8.1.0","appId":"53d03492-d808-48d1-b829-643fb4a6da06","userAgent":"Mozilla/5.0 (X11; Linux x86_64) AppleWebKit/537.36 (KHTML, like Gecko) Postman/8.0.10 Chrome/83.0.4103.122 Electron/9.4.3 Safari/537.36","platform":"LINUX","arch":"64","downloadURL":"https://dl.pstmn.io/download/version/8.1.0/linux_64","updateServerDomain":"https://dl.pstmn.io/","additionalParamsString":"installationId=53d03492-d808-48d1-b829-643fb4a6da06&userId=7183087&syncEnabled=true&teamPlan=sync-free-forever-trial&teamId=879421","userId":"7183087"}}]
[88185][1617282046511][main][info]["LinuxUpdater~downloadUpdate - UpdateInfo received",{"channel":"stable","version":"8.0.10","downloadVersion":"8.1.0","appId":"53d03492-d808-48d1-b829-643fb4a6da06","userAgent":"Mozilla/5.0 (X11; Linux x86_64) AppleWebKit/537.36 (KHTML, like Gecko) Postman/8.0.10 Chrome/83.0.4103.122 Electron/9.4.3 Safari/537.36","platform":"LINUX","arch":"64","downloadURL":"https://dl.pstmn.io/download/version/8.1.0/linux_64","updateServerDomain":"https://dl.pstmn.io/","additionalParamsString":"installationId=53d03492-d808-48d1-b829-643fb4a6da06&userId=7183087&syncEnabled=true&teamPlan=sync-free-forever-trial&teamId=879421","userId":"7183087"}]
[88185][1617282047024][main][info]["@postman/app-updater: error",{"errno":-13,"code":"EACCES","syscall":"open","path":"/opt/postman/Postman-1617282046512.tar.gz","name":"Error","message":"EACCES: permission denied, open '/opt/postman/Postman-1617282046512.tar.gz'","stack":"Error: EACCES: permission denied, open '/opt/postman/Postman-1617282046512.tar.gz'"},{"packageName":"Postman","eID":"Postman-1617282046512","downloadURL":"https://dl.pstmn.io/download/version/8.1.0/linux_64","downloadDirectory":"/opt/postman","downloadInfo":{"status":"DOWNLOAD_ERROR","error":{"errno":-13,"code":"EACCES","syscall":"open","path":"/opt/postman/Postman-1617282046512.tar.gz"},"downloadDirectory":"/opt/postman"}}]
[88185][1617282047025][main][info]["UpdateHandler~app-update-events - Received event",{"name":"electronAppUpdateError","namespace":"appUpdate","data":{"error":{"errno":-13,"code":"EACCES","syscall":"open","path":"/opt/postman/Postman-1617282046512.tar.gz","name":"Error","message":"EACCES: permission denied, open '/opt/postman/Postman-1617282046512.tar.gz'","stack":"Error: EACCES: permission denied, open '/opt/postman/Postman-1617282046512.tar.gz'"},"updateData":{"packageName":"Postman","eID":"Postman-1617282046512","downloadURL":"https://dl.pstmn.io/download/version/8.1.0/linux_64","downloadDirectory":"/opt/postman","downloadInfo":{"status":"DOWNLOAD_ERROR","error":{"errno":-13,"code":"EACCES","syscall":"open","path":"/opt/postman/Postman-1617282046512.tar.gz"},"downloadDirectory":"/opt/postman"}}}}]
[88185][1617289193826][main][info]["WindowManager~closeHandler - Closed Window (id: 3 )"]
[88185][1617289193876][main][info]["Quitting app"]
[314015][1617611238107][main][info]["Booting Postman 8.1.0, linux-5.10.27-1-lts on x64"]
[314015][1617611238113][main][info]["EventBus~initialize - Success"]
[314015][1617611238116][main][info]["Proxy configuration has not been setup"]
[314015][1617611238117][main][info]["CloudProxyManager~init - Success"]
[314015][1617611238129][main][info]["UpdateHandler~init - Success"]
[314015][1617611238617][main][info]["RuntimeIPCAgent~started: Success"]
[314015][1617611238622][main][info]["LeaderSelection: Initialized successfully"]
[314015][1617611238939][main][info]["LinuxAutoUpdater~Cleanup - Initial cleanup successful"]
[314015][1617611239112][main][info]["Bootstrap-models~bootstrap - Success"]
[314015][1617611239575][main][info]["window-manager~newSharedWindow: Shell loaded"]
[314015][1617611242511][main][info]["Main~AppEvents - Received booted event for process shared"]
[314015][1617611245950][main][info]["UpdateHandler~app-update-events - Received event",{"name":"checkForElectronVersionUpdated","namespace":"appUpdate"}]
[314015][1617611245972][main][info]["@postman/app-updater: version Updated","8.0.10","8.1.0"]
[314015][1617611245973][main][info]["UpdateHandler~app-update-events - Received event",{"name":"electronVersionUpdated","namespace":"appUpdate","data":{"lastKnownVersion":"8.0.10","currentVersion":"8.1.0"}}]
[314015][1617611246001][main][info]["Main~AppEvents - Received booted event for process requester"]
[314015][1617630350658][main][info]["WindowManager~closeHandler - Closed Window (id: 3 )"]
[314015][1617630350777][main][info]["Quitting app"]
[489530][1617688401159][main][info]["Booting Postman 8.1.0, linux-5.10.27-1-lts on x64"]
[489530][1617688401164][main][info]["EventBus~initialize - Success"]
[489530][1617688401171][main][info]["Proxy configuration has not been setup"]
[489530][1617688401172][main][info]["CloudProxyManager~init - Success"]
[489530][1617688401184][main][info]["UpdateHandler~init - Success"]
[489530][1617688401672][main][info]["RuntimeIPCAgent~started: Success"]
[489530][1617688401700][main][info]["LeaderSelection: Initialized successfully"]
[489530][1617688402071][main][info]["LinuxAutoUpdater~Cleanup - Initial cleanup successful"]
[489530][1617688402233][main][info]["Bootstrap-models~bootstrap - Success"]
[489530][1617688402686][main][info]["window-manager~newSharedWindow: Shell loaded"]
[489530][1617688405989][main][info]["Main~AppEvents - Received booted event for process shared"]
[489530][1617688410356][main][info]["UpdateHandler~app-update-events - Received event",{"name":"checkForElectronVersionUpdated","namespace":"appUpdate"}]
[489530][1617688410396][main][info]["Main~AppEvents - Received booted event for process requester"]
[489530][1617716449667][main][info]["WindowManager~closeHandler - Closed Window (id: 3 )"]
[489530][1617716449860][main][info]["Quitting app"]
[194075][1617879519174][main][info]["Booting Postman 8.1.0, linux-5.10.27-1-lts on x64"]
[194075][1617879519178][main][info]["EventBus~initialize - Success"]
[194075][1617879519184][main][info]["Proxy configuration has not been setup"]
[194075][1617879519185][main][info]["CloudProxyManager~init - Success"]
[194075][1617879519194][main][info]["UpdateHandler~init - Success"]
[194075][1617879519640][main][info]["RuntimeIPCAgent~started: Success"]
[194075][1617879519647][main][info]["LeaderSelection: Initialized successfully"]
[194075][1617879519921][main][info]["LinuxAutoUpdater~Cleanup - Initial cleanup successful"]
[194075][1617879520026][main][info]["Bootstrap-models~bootstrap - Success"]
[194075][1617879520441][main][info]["window-manager~newSharedWindow: Shell loaded"]
[194075][1617879524328][main][info]["Main~AppEvents - Received booted event for process shared"]
[194075][1617879527748][main][info]["UpdateHandler~app-update-events - Received event",{"name":"checkForElectronVersionUpdated","namespace":"appUpdate"}]
[194075][1617879527779][main][info]["Main~AppEvents - Received booted event for process requester"]
[194075][1617879542172][main][info]["UpdateHandler~app-update-events - Received event",{"name":"updateElectron","namespace":"appUpdate","data":{"channel":"stable","version":"8.1.0","downloadVersion":"8.2.0","appId":"53d03492-d808-48d1-b829-643fb4a6da06","userAgent":"Mozilla/5.0 (X11; Linux x86_64) AppleWebKit/537.36 (KHTML, like Gecko) Postman/8.1.0 Chrome/83.0.4103.122 Electron/9.4.3 Safari/537.36","platform":"LINUX","arch":"64","downloadURL":"https://dl.pstmn.io/download/version/8.2.0/linux_64","updateServerDomain":"https://dl.pstmn.io/","additionalParamsString":"installationId=53d03492-d808-48d1-b829-643fb4a6da06&userId=7183087&syncEnabled=true&teamPlan=sync-free-forever-trial&teamId=879421","userId":"7183087"}}]
[194075][1617879542173][main][info]["LinuxUpdater~downloadUpdate - UpdateInfo received",{"channel":"stable","version":"8.1.0","downloadVersion":"8.2.0","appId":"53d03492-d808-48d1-b829-643fb4a6da06","userAgent":"Mozilla/5.0 (X11; Linux x86_64) AppleWebKit/537.36 (KHTML, like Gecko) Postman/8.1.0 Chrome/83.0.4103.122 Electron/9.4.3 Safari/537.36","platform":"LINUX","arch":"64","downloadURL":"https://dl.pstmn.io/download/version/8.2.0/linux_64","updateServerDomain":"https://dl.pstmn.io/","additionalParamsString":"installationId=53d03492-d808-48d1-b829-643fb4a6da06&userId=7183087&syncEnabled=true&teamPlan=sync-free-forever-trial&teamId=879421","userId":"7183087"}]
[194075][1617879542739][main][info]["@postman/app-updater: error",{"errno":-13,"code":"EACCES","syscall":"open","path":"/opt/postman/Postman-1617879542173.tar.gz","name":"Error","message":"EACCES: permission denied, open '/opt/postman/Postman-1617879542173.tar.gz'","stack":"Error: EACCES: permission denied, open '/opt/postman/Postman-1617879542173.tar.gz'"},{"packageName":"Postman","eID":"Postman-1617879542173","downloadURL":"https://dl.pstmn.io/download/version/8.2.0/linux_64","downloadDirectory":"/opt/postman","downloadInfo":{"status":"DOWNLOAD_ERROR","error":{"errno":-13,"code":"EACCES","syscall":"open","path":"/opt/postman/Postman-1617879542173.tar.gz"},"downloadDirectory":"/opt/postman"}}]
[194075][1617879542742][main][info]["UpdateHandler~app-update-events - Received event",{"name":"electronAppUpdateError","namespace":"appUpdate","data":{"error":{"errno":-13,"code":"EACCES","syscall":"open","path":"/opt/postman/Postman-1617879542173.tar.gz","name":"Error","message":"EACCES: permission denied, open '/opt/postman/Postman-1617879542173.tar.gz'","stack":"Error: EACCES: permission denied, open '/opt/postman/Postman-1617879542173.tar.gz'"},"updateData":{"packageName":"Postman","eID":"Postman-1617879542173","downloadURL":"https://dl.pstmn.io/download/version/8.2.0/linux_64","downloadDirectory":"/opt/postman","downloadInfo":{"status":"DOWNLOAD_ERROR","error":{"errno":-13,"code":"EACCES","syscall":"open","path":"/opt/postman/Postman-1617879542173.tar.gz"},"downloadDirectory":"/opt/postman"}}}}]
[194075][1617885291250][main][info]["WindowManager~closeHandler - Closed Window (id: 3 )"]
[194075][1617885291387][main][info]["Quitting app"]
[569959][1618132005358][main][info]["Booting Postman 8.1.0, linux-5.10.27-1-lts on x64"]
[569959][1618132005363][main][info]["EventBus~initialize - Success"]
[569959][1618132005370][main][info]["Proxy configuration has not been setup"]
[569959][1618132005371][main][info]["CloudProxyManager~init - Success"]
[569959][1618132005385][main][info]["UpdateHandler~init - Success"]
[569959][1618132005952][main][info]["RuntimeIPCAgent~started: Success"]
[569959][1618132005959][main][info]["LeaderSelection: Initialized successfully"]
[569959][1618132006278][main][info]["LinuxAutoUpdater~Cleanup - Initial cleanup successful"]
[569959][1618132006371][main][info]["Bootstrap-models~bootstrap - Success"]
[569959][1618132006916][main][info]["window-manager~newSharedWindow: Shell loaded"]
[569959][1618132010420][main][info]["Main~AppEvents - Received booted event for process shared"]
[569959][1618132013907][main][info]["UpdateHandler~app-update-events - Received event",{"name":"checkForElectronVersionUpdated","namespace":"appUpdate"}]
[569959][1618132013934][main][info]["Main~AppEvents - Received booted event for process requester"]
[569959][1618132035195][main][info]["UpdateHandler~app-update-events - Received event",{"name":"updateElectron","namespace":"appUpdate","data":{"channel":"stable","version":"8.1.0","downloadVersion":"8.2.1","appId":"53d03492-d808-48d1-b829-643fb4a6da06","userAgent":"Mozilla/5.0 (X11; Linux x86_64) AppleWebKit/537.36 (KHTML, like Gecko) Postman/8.1.0 Chrome/83.0.4103.122 Electron/9.4.3 Safari/537.36","platform":"LINUX","arch":"64","downloadURL":"https://dl.pstmn.io/download/version/8.2.1/linux_64","updateServerDomain":"https://dl.pstmn.io/","additionalParamsString":"installationId=53d03492-d808-48d1-b829-643fb4a6da06&userId=7183087&syncEnabled=true&teamPlan=sync-free-3-trial&teamId=879421","userId":"7183087"}}]
[569959][1618132035196][main][info]["LinuxUpdater~downloadUpdate - UpdateInfo received",{"channel":"stable","version":"8.1.0","downloadVersion":"8.2.1","appId":"53d03492-d808-48d1-b829-643fb4a6da06","userAgent":"Mozilla/5.0 (X11; Linux x86_64) AppleWebKit/537.36 (KHTML, like Gecko) Postman/8.1.0 Chrome/83.0.4103.122 Electron/9.4.3 Safari/537.36","platform":"LINUX","arch":"64","downloadURL":"https://dl.pstmn.io/download/version/8.2.1/linux_64","updateServerDomain":"https://dl.pstmn.io/","additionalParamsString":"installationId=53d03492-d808-48d1-b829-643fb4a6da06&userId=7183087&syncEnabled=true&teamPlan=sync-free-3-trial&teamId=879421","userId":"7183087"}]
[569959][1618132036311][main][info]["@postman/app-updater: error",{"errno":-13,"code":"EACCES","syscall":"open","path":"/opt/postman/Postman-1618132035197.tar.gz","name":"Error","message":"EACCES: permission denied, open '/opt/postman/Postman-1618132035197.tar.gz'","stack":"Error: EACCES: permission denied, open '/opt/postman/Postman-1618132035197.tar.gz'"},{"packageName":"Postman","eID":"Postman-1618132035197","downloadURL":"https://dl.pstmn.io/download/version/8.2.1/linux_64","downloadDirectory":"/opt/postman","downloadInfo":{"status":"DOWNLOAD_ERROR","error":{"errno":-13,"code":"EACCES","syscall":"open","path":"/opt/postman/Postman-1618132035197.tar.gz"},"downloadDirectory":"/opt/postman"}}]
[569959][1618132036315][main][info]["UpdateHandler~app-update-events - Received event",{"name":"electronAppUpdateError","namespace":"appUpdate","data":{"error":{"errno":-13,"code":"EACCES","syscall":"open","path":"/opt/postman/Postman-1618132035197.tar.gz","name":"Error","message":"EACCES: permission denied, open '/opt/postman/Postman-1618132035197.tar.gz'","stack":"Error: EACCES: permission denied, open '/opt/postman/Postman-1618132035197.tar.gz'"},"updateData":{"packageName":"Postman","eID":"Postman-1618132035197","downloadURL":"https://dl.pstmn.io/download/version/8.2.1/linux_64","downloadDirectory":"/opt/postman","downloadInfo":{"status":"DOWNLOAD_ERROR","error":{"errno":-13,"code":"EACCES","syscall":"open","path":"/opt/postman/Postman-1618132035197.tar.gz"},"downloadDirectory":"/opt/postman"}}}}]
[569959][1618134328603][main][info]["WindowManager~closeHandler - Closed Window (id: 3 )"]
[569959][1618134328631][main][info]["Quitting app"]
[586771][1618145093747][main][info]["Booting Postman 8.1.0, linux-5.10.27-1-lts on x64"]
[586771][1618145093753][main][info]["EventBus~initialize - Success"]
[586771][1618145093760][main][info]["Proxy configuration has not been setup"]
[586771][1618145093761][main][info]["CloudProxyManager~init - Success"]
[586771][1618145093774][main][info]["UpdateHandler~init - Success"]
[586771][1618145094224][main][info]["RuntimeIPCAgent~started: Success"]
[586771][1618145094229][main][info]["LeaderSelection: Initialized successfully"]
[586771][1618145094437][main][info]["LinuxAutoUpdater~Cleanup - Initial cleanup successful"]
[586771][1618145094560][main][info]["Bootstrap-models~bootstrap - Success"]
[586771][1618145095036][main][info]["window-manager~newSharedWindow: Shell loaded"]
[586771][1618145098405][main][info]["Main~AppEvents - Received booted event for process shared"]
[586771][1618145102208][main][info]["UpdateHandler~app-update-events - Received event",{"name":"checkForElectronVersionUpdated","namespace":"appUpdate"}]
[586771][1618145102239][main][info]["Main~AppEvents - Received booted event for process requester"]
[586771][1618145123186][main][info]["UpdateHandler~app-update-events - Received event",{"name":"updateElectron","namespace":"appUpdate","data":{"channel":"stable","version":"8.1.0","downloadVersion":"8.2.1","appId":"53d03492-d808-48d1-b829-643fb4a6da06","userAgent":"Mozilla/5.0 (X11; Linux x86_64) AppleWebKit/537.36 (KHTML, like Gecko) Postman/8.1.0 Chrome/83.0.4103.122 Electron/9.4.3 Safari/537.36","platform":"LINUX","arch":"64","downloadURL":"https://dl.pstmn.io/download/version/8.2.1/linux_64","updateServerDomain":"https://dl.pstmn.io/","additionalParamsString":"installationId=53d03492-d808-48d1-b829-643fb4a6da06&userId=7183087&syncEnabled=true&teamPlan=sync-free-3-trial&teamId=879421","userId":"7183087"}}]
[586771][1618145123187][main][info]["LinuxUpdater~downloadUpdate - UpdateInfo received",{"channel":"stable","version":"8.1.0","downloadVersion":"8.2.1","appId":"53d03492-d808-48d1-b829-643fb4a6da06","userAgent":"Mozilla/5.0 (X11; Linux x86_64) AppleWebKit/537.36 (KHTML, like Gecko) Postman/8.1.0 Chrome/83.0.4103.122 Electron/9.4.3 Safari/537.36","platform":"LINUX","arch":"64","downloadURL":"https://dl.pstmn.io/download/version/8.2.1/linux_64","updateServerDomain":"https://dl.pstmn.io/","additionalParamsString":"installationId=53d03492-d808-48d1-b829-643fb4a6da06&userId=7183087&syncEnabled=true&teamPlan=sync-free-3-trial&teamId=879421","userId":"7183087"}]
[586771][1618145124087][main][info]["@postman/app-updater: error",{"errno":-13,"code":"EACCES","syscall":"open","path":"/opt/postman/Postman-1618145123188.tar.gz","name":"Error","message":"EACCES: permission denied, open '/opt/postman/Postman-1618145123188.tar.gz'","stack":"Error: EACCES: permission denied, open '/opt/postman/Postman-1618145123188.tar.gz'"},{"packageName":"Postman","eID":"Postman-1618145123188","downloadURL":"https://dl.pstmn.io/download/version/8.2.1/linux_64","downloadDirectory":"/opt/postman","downloadInfo":{"status":"DOWNLOAD_ERROR","error":{"errno":-13,"code":"EACCES","syscall":"open","path":"/opt/postman/Postman-1618145123188.tar.gz"},"downloadDirectory":"/opt/postman"}}]
[586771][1618145124089][main][info]["UpdateHandler~app-update-events - Received event",{"name":"electronAppUpdateError","namespace":"appUpdate","data":{"error":{"errno":-13,"code":"EACCES","syscall":"open","path":"/opt/postman/Postman-1618145123188.tar.gz","name":"Error","message":"EACCES: permission denied, open '/opt/postman/Postman-1618145123188.tar.gz'","stack":"Error: EACCES: permission denied, open '/opt/postman/Postman-1618145123188.tar.gz'"},"updateData":{"packageName":"Postman","eID":"Postman-1618145123188","downloadURL":"https://dl.pstmn.io/download/version/8.2.1/linux_64","downloadDirectory":"/opt/postman","downloadInfo":{"status":"DOWNLOAD_ERROR","error":{"errno":-13,"code":"EACCES","syscall":"open","path":"/opt/postman/Postman-1618145123188.tar.gz"},"downloadDirectory":"/opt/postman"}}}}]
[586771][1618145313552][main][info]["WindowManager~closeHandler - Closed Window (id: 3 )"]
[586771][1618145313646][main][info]["Quitting app"]
[10764][1618548579984][main][info]["Booting Postman 8.1.0, linux-5.10.30-1-lts on x64"]
[10764][1618548579987][main][info]["EventBus~initialize - Success"]
[10764][1618548579990][main][info]["Proxy configuration has not been setup"]
[10764][1618548579991][main][info]["CloudProxyManager~init - Success"]
[10764][1618548579998][main][info]["UpdateHandler~init - Success"]
[10764][1618548580355][main][info]["RuntimeIPCAgent~started: Success"]
[10764][1618548580360][main][info]["LeaderSelection: Initialized successfully"]
[10764][1618548580567][main][info]["LinuxAutoUpdater~Cleanup - Initial cleanup successful"]
[10764][1618548580658][main][info]["Bootstrap-models~bootstrap - Success"]
[10764][1618548580993][main][info]["window-manager~newSharedWindow: Shell loaded"]
[10764][1618548584348][main][info]["Main~AppEvents - Received booted event for process shared"]
[10764][1618548587298][main][info]["UpdateHandler~app-update-events - Received event",{"name":"checkForElectronVersionUpdated","namespace":"appUpdate"}]
[10764][1618548587321][main][info]["Main~AppEvents - Received booted event for process requester"]
[158734][1618809083541][main][info]["Booting Postman 8.1.0, linux-5.10.30-1-lts on x64"]
[158734][1618809083546][main][info]["EventBus~initialize - Success"]
[158734][1618809083551][main][info]["Proxy configuration has not been setup"]
[158734][1618809083552][main][info]["CloudProxyManager~init - Success"]
[158734][1618809083561][main][info]["UpdateHandler~init - Success"]
[158734][1618809084026][main][info]["RuntimeIPCAgent~started: Success"]
[158734][1618809084030][main][info]["LeaderSelection: Initialized successfully"]
[158734][1618809084297][main][info]["LinuxAutoUpdater~Cleanup - Initial cleanup successful"]
[158734][1618809084366][main][info]["Bootstrap-models~bootstrap - Success"]
[158734][1618809084771][main][info]["window-manager~newSharedWindow: Shell loaded"]
[158734][1618809087933][main][info]["Main~AppEvents - Received booted event for process shared"]
[158734][1618809090721][main][info]["UpdateHandler~app-update-events - Received event",{"name":"checkForElectronVersionUpdated","namespace":"appUpdate"}]
[158734][1618809090746][main][info]["Main~AppEvents - Received booted event for process requester"]
[158734][1618838020713][main][info]["WindowManager~closeHandler - Closed Window (id: 3 )"]
[158734][1618838020827][main][info]["Quitting app"]
[295881][1618999577907][main][info]["Booting Postman 8.1.0, linux-5.10.30-1-lts on x64"]
[295881][1618999577910][main][info]["EventBus~initialize - Success"]
[295881][1618999577916][main][info]["Proxy configuration has not been setup"]
[295881][1618999577917][main][info]["CloudProxyManager~init - Success"]
[295881][1618999577927][main][info]["UpdateHandler~init - Success"]
[295881][1618999578276][main][info]["RuntimeIPCAgent~started: Success"]
[295881][1618999578281][main][info]["LeaderSelection: Initialized successfully"]
[295881][1618999578505][main][info]["LinuxAutoUpdater~Cleanup - Initial cleanup successful"]
[295881][1618999578571][main][info]["Bootstrap-models~bootstrap - Success"]
[295881][1618999578890][main][info]["window-manager~newSharedWindow: Shell loaded"]
[295881][1618999582208][main][info]["Main~AppEvents - Received booted event for process shared"]
[295881][1618999585317][main][info]["UpdateHandler~app-update-events - Received event",{"name":"checkForElectronVersionUpdated","namespace":"appUpdate"}]
[295881][1618999585343][main][info]["Main~AppEvents - Received booted event for process requester"]
[295881][1618999596171][main][info]["UpdateHandler~app-update-events - Received event",{"name":"updateElectron","namespace":"appUpdate","data":{"channel":"stable","version":"8.1.0","downloadVersion":"8.2.3","appId":"53d03492-d808-48d1-b829-643fb4a6da06","userAgent":"Mozilla/5.0 (X11; Linux x86_64) AppleWebKit/537.36 (KHTML, like Gecko) Postman/8.1.0 Chrome/83.0.4103.122 Electron/9.4.3 Safari/537.36","platform":"LINUX","arch":"64","downloadURL":"https://dl.pstmn.io/download/version/8.2.3/linux_64","updateServerDomain":"https://dl.pstmn.io/","additionalParamsString":"installationId=53d03492-d808-48d1-b829-643fb4a6da06&userId=7183087&syncEnabled=true&teamPlan=sync-free-3-trial&teamId=879421","userId":"7183087"}}]
[295881][1618999596172][main][info]["LinuxUpdater~downloadUpdate - UpdateInfo received",{"channel":"stable","version":"8.1.0","downloadVersion":"8.2.3","appId":"53d03492-d808-48d1-b829-643fb4a6da06","userAgent":"Mozilla/5.0 (X11; Linux x86_64) AppleWebKit/537.36 (KHTML, like Gecko) Postman/8.1.0 Chrome/83.0.4103.122 Electron/9.4.3 Safari/537.36","platform":"LINUX","arch":"64","downloadURL":"https://dl.pstmn.io/download/version/8.2.3/linux_64","updateServerDomain":"https://dl.pstmn.io/","additionalParamsString":"installationId=53d03492-d808-48d1-b829-643fb4a6da06&userId=7183087&syncEnabled=true&teamPlan=sync-free-3-trial&teamId=879421","userId":"7183087"}]
[295881][1618999596915][main][info]["@postman/app-updater: error",{"errno":-13,"code":"EACCES","syscall":"open","path":"/opt/postman/Postman-1618999596172.tar.gz","name":"Error","message":"EACCES: permission denied, open '/opt/postman/Postman-1618999596172.tar.gz'","stack":"Error: EACCES: permission denied, open '/opt/postman/Postman-1618999596172.tar.gz'"},{"packageName":"Postman","eID":"Postman-1618999596172","downloadURL":"https://dl.pstmn.io/download/version/8.2.3/linux_64","downloadDirectory":"/opt/postman","downloadInfo":{"status":"DOWNLOAD_ERROR","error":{"errno":-13,"code":"EACCES","syscall":"open","path":"/opt/postman/Postman-1618999596172.tar.gz"},"downloadDirectory":"/opt/postman"}}]
[295881][1618999596918][main][info]["UpdateHandler~app-update-events - Received event",{"name":"electronAppUpdateError","namespace":"appUpdate","data":{"error":{"errno":-13,"code":"EACCES","syscall":"open","path":"/opt/postman/Postman-1618999596172.tar.gz","name":"Error","message":"EACCES: permission denied, open '/opt/postman/Postman-1618999596172.tar.gz'","stack":"Error: EACCES: permission denied, open '/opt/postman/Postman-1618999596172.tar.gz'"},"updateData":{"packageName":"Postman","eID":"Postman-1618999596172","downloadURL":"https://dl.pstmn.io/download/version/8.2.3/linux_64","downloadDirectory":"/opt/postman","downloadInfo":{"status":"DOWNLOAD_ERROR","error":{"errno":-13,"code":"EACCES","syscall":"open","path":"/opt/postman/Postman-1618999596172.tar.gz"},"downloadDirectory":"/opt/postman"}}}}]
[295881][1619000728443][main][info]["UpdateHandler~app-update-events - Received event",{"name":"checkForElectronUpdate","namespace":"app-update"}]
[295881][1619000742146][main][info]["WindowManager~closeHandler - Closed Window (id: 3 )"]
[295881][1619000742190][main][info]["Quitting app"]
[341096][1619069001037][main][info]["Booting Postman 8.1.0, linux-5.10.30-1-lts on x64"]
[341096][1619069001039][main][info]["EventBus~initialize - Success"]
[341096][1619069001043][main][info]["Proxy configuration has not been setup"]
[341096][1619069001044][main][info]["CloudProxyManager~init - Success"]
[341096][1619069001050][main][info]["UpdateHandler~init - Success"]
[341096][1619069001555][main][info]["RuntimeIPCAgent~started: Success"]
[341096][1619069001559][main][info]["LeaderSelection: Initialized successfully"]
[341096][1619069001822][main][info]["LinuxAutoUpdater~Cleanup - Initial cleanup successful"]
[341096][1619069001911][main][info]["Bootstrap-models~bootstrap - Success"]
[341096][1619069002410][main][info]["window-manager~newSharedWindow: Shell loaded"]
[341096][1619069005496][main][info]["Main~AppEvents - Received booted event for process shared"]
[341096][1619069009228][main][info]["UpdateHandler~app-update-events - Received event",{"name":"checkForElectronVersionUpdated","namespace":"appUpdate"}]
[341096][1619069009261][main][info]["Main~AppEvents - Received booted event for process requester"]
[341096][1619069056535][main][info]["UpdateHandler~app-update-events - Received event",{"name":"updateElectron","namespace":"appUpdate","data":{"channel":"stable","version":"8.1.0","downloadVersion":"8.2.3","appId":"53d03492-d808-48d1-b829-643fb4a6da06","userAgent":"Mozilla/5.0 (X11; Linux x86_64) AppleWebKit/537.36 (KHTML, like Gecko) Postman/8.1.0 Chrome/83.0.4103.122 Electron/9.4.3 Safari/537.36","platform":"LINUX","arch":"64","downloadURL":"https://dl.pstmn.io/download/version/8.2.3/linux_64","updateServerDomain":"https://dl.pstmn.io/","additionalParamsString":"installationId=53d03492-d808-48d1-b829-643fb4a6da06&userId=7183087&syncEnabled=true&teamPlan=sync-free-3-trial&teamId=879421","userId":"7183087"}}]
[341096][1619069056536][main][info]["LinuxUpdater~downloadUpdate - UpdateInfo received",{"channel":"stable","version":"8.1.0","downloadVersion":"8.2.3","appId":"53d03492-d808-48d1-b829-643fb4a6da06","userAgent":"Mozilla/5.0 (X11; Linux x86_64) AppleWebKit/537.36 (KHTML, like Gecko) Postman/8.1.0 Chrome/83.0.4103.122 Electron/9.4.3 Safari/537.36","platform":"LINUX","arch":"64","downloadURL":"https://dl.pstmn.io/download/version/8.2.3/linux_64","updateServerDomain":"https://dl.pstmn.io/","additionalParamsString":"installationId=53d03492-d808-48d1-b829-643fb4a6da06&userId=7183087&syncEnabled=true&teamPlan=sync-free-3-trial&teamId=879421","userId":"7183087"}]
[341096][1619069079646][main][info]["WindowManager~closeHandler - Closed Window (id: 3 )"]
[341096][1619069079745][main][info]["Quitting app"]
[357054][1619080859850][main][info]["Booting Postman 8.1.0, linux-5.10.30-1-lts on x64"]
[357054][1619080859852][main][info]["EventBus~initialize - Success"]
[357054][1619080859855][main][info]["Proxy configuration has not been setup"]
[357054][1619080859856][main][info]["CloudProxyManager~init - Success"]
[357054][1619080859862][main][info]["UpdateHandler~init - Success"]
[357054][1619080860188][main][info]["RuntimeIPCAgent~started: Success"]
[357054][1619080860192][main][info]["LeaderSelection: Initialized successfully"]
[357054][1619080860488][main][info]["LinuxAutoUpdater~Cleanup - Initial cleanup successful"]
[357054][1619080860668][main][info]["Bootstrap-models~bootstrap - Success"]
[357054][1619080861160][main][info]["window-manager~newSharedWindow: Shell loaded"]
[357054][1619080864479][main][info]["Main~AppEvents - Received booted event for process shared"]
[357054][1619080867787][main][info]["UpdateHandler~app-update-events - Received event",{"name":"checkForElectronVersionUpdated","namespace":"appUpdate"}]
[357054][1619080867826][main][info]["Main~AppEvents - Received booted event for process requester"]
[357054][1619080879100][main][info]["UpdateHandler~app-update-events - Received event",{"name":"updateElectron","namespace":"appUpdate","data":{"channel":"stable","version":"8.1.0","downloadVersion":"8.2.3","appId":"53d03492-d808-48d1-b829-643fb4a6da06","userAgent":"Mozilla/5.0 (X11; Linux x86_64) AppleWebKit/537.36 (KHTML, like Gecko) Postman/8.1.0 Chrome/83.0.4103.122 Electron/9.4.3 Safari/537.36","platform":"LINUX","arch":"64","downloadURL":"https://dl.pstmn.io/download/version/8.2.3/linux_64","updateServerDomain":"https://dl.pstmn.io/","additionalParamsString":"installationId=53d03492-d808-48d1-b829-643fb4a6da06&userId=7183087&syncEnabled=true&teamPlan=sync-free-3-trial&teamId=879421","userId":"7183087"}}]
[357054][1619080879101][main][info]["LinuxUpdater~downloadUpdate - UpdateInfo received",{"channel":"stable","version":"8.1.0","downloadVersion":"8.2.3","appId":"53d03492-d808-48d1-b829-643fb4a6da06","userAgent":"Mozilla/5.0 (X11; Linux x86_64) AppleWebKit/537.36 (KHTML, like Gecko) Postman/8.1.0 Chrome/83.0.4103.122 Electron/9.4.3 Safari/537.36","platform":"LINUX","arch":"64","downloadURL":"https://dl.pstmn.io/download/version/8.2.3/linux_64","updateServerDomain":"https://dl.pstmn.io/","additionalParamsString":"installationId=53d03492-d808-48d1-b829-643fb4a6da06&userId=7183087&syncEnabled=true&teamPlan=sync-free-3-trial&teamId=879421","userId":"7183087"}]
[357054][1619080879702][main][info]["@postman/app-updater: error",{"errno":-13,"code":"EACCES","syscall":"open","path":"/opt/postman/Postman-1619080879102.tar.gz","name":"Error","message":"EACCES: permission denied, open '/opt/postman/Postman-1619080879102.tar.gz'","stack":"Error: EACCES: permission denied, open '/opt/postman/Postman-1619080879102.tar.gz'"},{"packageName":"Postman","eID":"Postman-1619080879102","downloadURL":"https://dl.pstmn.io/download/version/8.2.3/linux_64","downloadDirectory":"/opt/postman","downloadInfo":{"status":"DOWNLOAD_ERROR","error":{"errno":-13,"code":"EACCES","syscall":"open","path":"/opt/postman/Postman-1619080879102.tar.gz"},"downloadDirectory":"/opt/postman"}}]
[357054][1619080879703][main][info]["UpdateHandler~app-update-events - Received event",{"name":"electronAppUpdateError","namespace":"appUpdate","data":{"error":{"errno":-13,"code":"EACCES","syscall":"open","path":"/opt/postman/Postman-1619080879102.tar.gz","name":"Error","message":"EACCES: permission denied, open '/opt/postman/Postman-1619080879102.tar.gz'","stack":"Error: EACCES: permission denied, open '/opt/postman/Postman-1619080879102.tar.gz'"},"updateData":{"packageName":"Postman","eID":"Postman-1619080879102","downloadURL":"https://dl.pstmn.io/download/version/8.2.3/linux_64","downloadDirectory":"/opt/postman","downloadInfo":{"status":"DOWNLOAD_ERROR","error":{"errno":-13,"code":"EACCES","syscall":"open","path":"/opt/postman/Postman-1619080879102.tar.gz"},"downloadDirectory":"/opt/postman"}}}}]
[357054][1619081540545][main][info]["WindowManager~closeHandler - Closed Window (id: 3 )"]
[357054][1619081540683][main][info]["Quitting app"]
[35371][1619519920667][main][info]["Booting Postman 8.3.0, linux-5.10.32-1-lts on x64"]
[35371][1619519920670][main][info]["EventBus~initialize - Success"]
[35371][1619519920672][main][info]["Proxy configuration has not been setup"]
[35371][1619519920673][main][info]["CloudProxyManager~init - Success"]
[35371][1619519920684][main][info]["UpdateHandler~init - Success"]
[35371][1619519921093][main][info]["RuntimeIPCAgent~started: Success"]
[35371][1619519921098][main][info]["LeaderSelection: Initialized successfully"]
[35371][1619519921331][main][info]["LinuxAutoUpdater~Cleanup - Initial cleanup successful"]
[35371][1619519921531][main][info]["Bootstrap-models~bootstrap - Success"]
[35371][1619519921973][main][info]["window-manager~newSharedWindow: Shell loaded"]
[35371][1619519925467][main][info]["Main~AppEvents - Received booted event for process shared"]
[35371][1619519930083][main][info]["UpdateHandler~app-update-events - Received event",{"name":"checkForElectronVersionUpdated","namespace":"appUpdate"}]
[35371][1619519930089][main][info]["@postman/app-updater: version Updated","8.1.0","8.3.0"]
[35371][1619519930090][main][info]["UpdateHandler~app-update-events - Received event",{"name":"electronVersionUpdated","namespace":"appUpdate","data":{"lastKnownVersion":"8.1.0","currentVersion":"8.3.0"}}]
[35371][1619519930135][main][info]["Main~AppEvents - Received booted event for process requester"]
[35371][1619519943006][main][info]["WindowManager~closeHandler - Closed Window (id: 3 )"]
[35371][1619519943038][main][info]["Quitting app"]
[230726][1619770495062][main][info]["Booting Postman 8.3.0, linux-5.10.32-1-lts on x64"]
[230726][1619770495064][main][info]["EventBus~initialize - Success"]
[230726][1619770495067][main][info]["Proxy configuration has not been setup"]
[230726][1619770495067][main][info]["CloudProxyManager~init - Success"]
[230726][1619770495075][main][info]["UpdateHandler~init - Success"]
[230726][1619770495511][main][info]["RuntimeIPCAgent~started: Success"]
[230726][1619770495519][main][info]["LeaderSelection: Initialized successfully"]
[230726][1619770495751][main][info]["LinuxAutoUpdater~Cleanup - Initial cleanup successful"]
[230726][1619770495842][main][info]["Bootstrap-models~bootstrap - Success"]
[230726][1619770496203][main][info]["window-manager~newSharedWindow: Shell loaded"]
[230726][1619770499345][main][info]["Main~AppEvents - Received booted event for process shared"]
[230726][1619770503550][main][info]["UpdateHandler~app-update-events - Received event",{"name":"checkForElectronVersionUpdated","namespace":"appUpdate"}]
[230726][1619770503601][main][info]["Main~AppEvents - Received booted event for process requester"]
[2187][1619778747289][main][info]["Booting Postman 8.3.0, linux-5.10.33-1-lts on x64"]
[2187][1619778747293][main][info]["EventBus~initialize - Success"]
[2187][1619778747328][main][info]["Proxy configuration has not been setup"]
[2187][1619778747329][main][info]["CloudProxyManager~init - Success"]
[2187][1619778747385][main][info]["UpdateHandler~init - Success"]
[2187][1619778748251][main][info]["RuntimeIPCAgent~started: Success"]
[2187][1619778748261][main][info]["LeaderSelection: Initialized successfully"]
[2187][1619778748775][main][info]["LinuxAutoUpdater~Cleanup - Initial cleanup successful"]
[2187][1619778749075][main][info]["Bootstrap-models~bootstrap - Success"]
[2187][1619778749497][main][info]["window-manager~newSharedWindow: Shell loaded"]
[2187][1619778753424][main][info]["Main~AppEvents - Received booted event for process shared"]
[2187][1619778758381][main][info]["UpdateHandler~app-update-events - Received event",{"name":"checkForElectronVersionUpdated","namespace":"appUpdate"}]
[2187][1619778758443][main][info]["Main~AppEvents - Received booted event for process requester"]
[2187][1619787395226][main][info]["WindowManager~closeHandler - Closed Window (id: 3 )"]
[2187][1619787395343][main][info]["Quitting app"]
