[32299][1616491502673][scratchpad][info]["EventBus~initialize - Success"]
[32299][1616491502677][scratchpad][info]["Messaging~boot - Success"]
[32299][1616491502725][scratchpad][info]["bootCrashReporter~ Success"]
[32299][1616491502730][scratchpad][info]["Telemetry~boot - Success"]
[32299][1616491502731][scratchpad][info]["bootConfigurations~initialize - Success"]
[32299][1616491502736][scratchpad][info]["Settings~boot - Success"]
[32299][1616491502868][scratchpad][info]["bootstrapModels - Success"]
[32299][1616491502869][scratchpad][info]["WLModels~boot - Success"]
[32299][1616491502915][scratchpad][info]["Session~boot - Success"]
[32299][1616491502920][scratchpad][info]["IndependentServices~boot - Success"]
[32299][1616491502938][scratchpad][info]["AppModels~boot - Success"]
[32299][1616491502960][scratchpad][info]["Sync~boot - Success"]
[32299][1616491502991][scratchpad][info]["PostUpdateBackup~init: Success"]
[32299][1616491502993][scratchpad][info]["Shared~boot - Success"]
[32299][1616491502998][scratchpad][info]["DBWatcher~boot - Success"]
[32299][1616491503003][scratchpad][info]["ThemeManager~boot - Success"]
[32299][1616491503004][scratchpad][info]["WorkbenchService~boot - Success"]
[32299][1616491503005][scratchpad][info]["ContextBarRegistry~boot - Success"]
[32299][1616491503005][scratchpad][info]["Store~boot - Success"]
[32299][1616491503008][scratchpad][info]["Shortcuts~boot - Success"]
[32299][1616491503035][scratchpad][info]["NewConsole~boot - Success"]
[32299][1616491503040][scratchpad][info]["APIDevInterface~boot - Success"]
[32299][1616491503056][scratchpad][info]["Requester~boot - Success"]
[32299][1616491503058][scratchpad][info]["SharedRuntimeListeners~boot - Success"]
[32299][1616491503059][scratchpad][info]["booted - scratchpad"]
[32299][1616491503264][scratchpad][info]["NavigationService ~ [BROWSER] Transitioning io the initial route with the URL:","home"]
[32299][1616491503314][scratchpad][info]["CloudProxyHandler: Proxy configuration has not been setup"]
[32299][1616491503848][scratchpad][info]["SessionValidation - Registering listener"]
[32299][1616491503865][scratchpad][info]["UI pulled the session locked information on init"]
[32299][1616492303251][scratchpad][info]["EventBus~initialize - Success"]
[32299][1616492303253][scratchpad][info]["Messaging~boot - Success"]
[32299][1616492303280][scratchpad][info]["bootCrashReporter~ Success"]
[32299][1616492303283][scratchpad][info]["Telemetry~boot - Success"]
[32299][1616492303284][scratchpad][info]["bootConfigurations~initialize - Success"]
[32299][1616492303288][scratchpad][info]["Settings~boot - Success"]
[32299][1616492303404][scratchpad][info]["bootstrapModels - Success"]
[32299][1616492303405][scratchpad][info]["WLModels~boot - Success"]
[32299][1616492303476][scratchpad][info]["Session~boot - Success"]
[32299][1616492303482][scratchpad][info]["IndependentServices~boot - Success"]
[32299][1616492303492][scratchpad][info]["AppModels~boot - Success"]
[32299][1616492303513][scratchpad][info]["Sync~boot - Success"]
[32299][1616492303538][scratchpad][info]["PostUpdateBackup~init: Success"]
[32299][1616492303541][scratchpad][info]["Shared~boot - Success"]
[32299][1616492303545][scratchpad][info]["DBWatcher~boot - Success"]
[32299][1616492303549][scratchpad][info]["ThemeManager~boot - Success"]
[32299][1616492303550][scratchpad][info]["WorkbenchService~boot - Success"]
[32299][1616492303551][scratchpad][info]["ContextBarRegistry~boot - Success"]
[32299][1616492303552][scratchpad][info]["Store~boot - Success"]
[32299][1616492303556][scratchpad][info]["Shortcuts~boot - Success"]
[32299][1616492303590][scratchpad][info]["NewConsole~boot - Success"]
[32299][1616492303618][scratchpad][info]["APIDevInterface~boot - Success"]
[32299][1616492303642][scratchpad][info]["Requester~boot - Success"]
[32299][1616492303649][scratchpad][info]["SharedRuntimeListeners~boot - Success"]
[32299][1616492303650][scratchpad][info]["booted - scratchpad"]
[32299][1616492303813][scratchpad][info]["NavigationService ~ [BROWSER] Transitioning io the initial route with the URL:","home"]
[32299][1616492303869][scratchpad][info]["CloudProxyHandler: Proxy configuration has not been setup"]
[32299][1616492304699][scratchpad][info]["SessionValidation - Registering listener"]
[32299][1616492304712][scratchpad][info]["UI pulled the session locked information on init"]
[32299][1616492353613][scratchpad][info]["PostLoginService - enter post login service"]
[32299][1616492353633][scratchpad][info]["PostLoginService: Starting post login migration"]
[32299][1616492353633][scratchpad][info]["PostLoginService: Backing up user data"]
[32299][1616492353644][scratchpad][warn]["BackupService~backupData: Bailing out of creating backup as user is signed-in"]
[32299][1616492353645][scratchpad][info]["PostLoginService: Finished backing up user data"]
[32299][1616492353646][scratchpad][info]["PostLoginService: Creating new workspace"]
[32299][1616492353700][scratchpad][info]["PostLoginService: Creating changesets for unsynced changes"]
[32299][1616492353744][scratchpad][info]["PostLoginService: Changing owner in models"]
[32299][1616492353770][scratchpad][info]["PostLoginService: Changing user id reference in models"]
[32299][1616492353779][scratchpad][info]["PostLoginService: Changing owner id workspace dependencies"]
[32299][1616492353793][scratchpad][info]["PostLoginService: Rewiring globals"]
[32299][1616492353833][scratchpad][info]["PostLoginService: Rewiring variable sessions"]
[32299][1616492353842][scratchpad][info]["PostLoginService: Updating workspace sessions"]
[32299][1616492353908][scratchpad][info]["PostLoginService: Deleting old workspace"]
