[2021-04-27 16:24:12.120] [info]  [db] Initialized DB client
[2021-04-27 16:24:13.191] [info]  [FileSystemDriver] Initialized in "/home/rubin/.config/Insomnia/version-control"
[2021-04-27 16:24:13.256] [info]  [ga] Event Activity, Change, debug
[2021-04-27 16:24:13.257] [info]  [ga] Page /debug
[2021-04-27 16:24:22.163] [info]  [ga] Event Activity, Change, home
[2021-04-27 16:24:22.164] [info]  [ga] Page /home
[2021-04-27 16:24:33.011] [info]  [ga] Event Modals, Show, PromptModal
[2021-04-27 16:24:38.293] [info]  [ga] Page /home
[2021-04-27 16:24:38.293] [info]  [ga] Event Workspace, Create
[2021-04-27 16:24:38.294] [info]  [ga] Event Activity, Change, debug
[2021-04-27 16:24:38.294] [info]  [ga] Page /debug
[2021-04-27 16:24:38.314] [info]  [app] Waiting for migration to complete
[2021-04-27 16:24:38.317] [info]  [app] Waiting for migration to complete
[2021-04-27 16:24:38.318] [info]  [ga] Page /debug
[2021-04-27 16:24:38.362] [info]  [app] Waiting for migration to complete
[2021-04-27 16:24:38.363] [info]  [App] Forcing update from environment change [
  'insert',
  {
    _id: 'env_4317bd5372c857411941f2cbe015b31434942ec7',
    type: 'Environment',
    parentId: 'wrk_916ba5ffa40f42498693c4353c1391e3',
    modified: 1619519978357,
    created: 1619519978357,
    name: 'Base Environment',
    data: {},
    dataPropertyOrder: null,
    color: null,
    isPrivate: false,
    metaSortKey: 1619519978357
  },
  false
]
[2021-04-27 16:24:38.409] [info]  [ga] Page /debug
[2021-04-27 16:24:41.350] [info]  [ga] Event Modals, Show, RequestCreateModal
[2021-04-27 16:24:52.151] [info]  [ga] Event Request, Create
[2021-04-27 16:31:10.443] [info]  [network] Sending req=req_1f8f5271bd3c448fb11d86a90898a660 env=n/a
[2021-04-27 16:31:10.479] [info]  [net] Set CA to /tmp/insomnia_2021.2.2/ca-certs.pem
[2021-04-27 16:31:10.509] [info]  [network] Response succeeded req=req_1f8f5271bd3c448fb11d86a90898a660 status=404
[2021-04-27 16:32:32.549] [info]  [network] Sending req=req_1f8f5271bd3c448fb11d86a90898a660 env=n/a
[2021-04-27 16:32:52.408] [info]  [network] Response succeeded req=req_1f8f5271bd3c448fb11d86a90898a660 status=200
[2021-04-27 16:51:08.860] [info]  [network] Sending req=req_1f8f5271bd3c448fb11d86a90898a660 env=n/a
[2021-04-27 16:51:24.993] [info]  [network] Response succeeded req=req_1f8f5271bd3c448fb11d86a90898a660 status=200
[2021-04-27 16:52:38.546] [info]  [network] Sending req=req_1f8f5271bd3c448fb11d86a90898a660 env=n/a
[2021-04-27 16:52:48.283] [info]  [network] Response succeeded req=req_1f8f5271bd3c448fb11d86a90898a660 status=200
