--enable-libfreetype --enable-libfribidi --enable-libgsm --enable-
libiec61883 --enable-libjack --enable-libmfx --enable-libmodplug
--enable-libmp3lame --enable-libopencore_amrnb --enable-
libopencore_amrwb --enable-libopenjpeg --enable-libopus --enable-
libpulse --enable-librav1e --enable-librsvg --enable-libsoxr --enable-
libspeex --enable-libsrt --enable-libssh --enable-libtheora --enable-
libv4l2 --enable-libvidstab --enable-libvmaf --enable-libvorbis
--enable-libvpx --enable-libwebp --enable-libx264 --enable-libx265
--enable-libxcb --enable-libxml2 --enable-libxvid --enable-libzimg
--enable-nvdec --enable-nvenc --enable-shared --enable-version3
libavutil      56. 70.100 / 56. 70.100 libavcodec     58.134.100 /
58.134.100 libavformat    58. 76.100 / 58. 76.100 libavdevice    58.
13.100 / 58. 13.100 libavfilter     7.110.100 /  7.110.100 libswscale
5.  9.100 /  5.  9.100 libswresample   3.  9.100 /  3.  9.100
libpostproc    55.  9.100 / 55.  9.100
**********

2021-05-03 22:05:55,298 - Persepolis - INFO - python version: 3.9.4 (default, Apr 20 2021, 15:51:38) 
[GCC 10.2.0]
2021-05-03 22:05:55,298 - Persepolis - INFO - QT version: 5.15.2
2021-05-03 22:05:55,298 - Persepolis - INFO - PyQt version: 5.15.4
2021-05-03 22:05:55,298 - Persepolis - INFO - Operating system: Linux
2021-05-03 22:05:55,298 - Persepolis - INFO - Desktop env.: KDE
2021-05-03 22:05:57,205 - Persepolis - INFO - Aria2 is running
2021-05-03 22:05:57,206 - Persepolis - INFO - Aria2 version: 1.35.0
2021-05-03 22:06:03,074 - Persepolis - INFO - 9bab8fa0799c1f5f Starts
2021-05-03 22:06:58,430 - Persepolis - INFO - 9bab8fa0799c1f5f paused
===================================================
Persepolis Download Manager, 2021/05/04 14:36:30
2021-05-04 14:36:30,916 - Persepolis - INFO - chrome: Json file is created successfully.
persepolis executer file is created successfully.

2021-05-04 14:36:30,927 - Persepolis - INFO - chromium: Json file is created successfully.
persepolis executer file is created successfully.

2021-05-04 14:36:30,934 - Persepolis - INFO - opera: Json file is created successfully.
persepolis executer file is created successfully.

2021-05-04 14:36:30,941 - Persepolis - INFO - vivaldi: Json file is created successfully.
persepolis executer file is created successfully.

2021-05-04 14:36:30,948 - Persepolis - INFO - firefox: Json file is created successfully.
persepolis executer file is created successfully.

2021-05-04 14:36:32,323 - Persepolis - INFO - youtube_dl version: 2021.04.26
2021-05-04 14:36:32,535 - Persepolis - ERROR - Aria2 didn't respond!
2021-05-04 14:36:32,535 - Persepolis - INFO - Starting Aria2
2021-05-04 14:36:32,730 - Persepolis - INFO - 
**********
ffmpeg version n4.4 Copyright (c) 2000-2021 the FFmpeg developers
built with gcc 10.2.0 (GCC) configuration: --prefix=/usr --disable-
debug --disable-static --disable-stripping --enable-amf --enable-
avisynth --enable-cuda-llvm --enable-lto --enable-fontconfig --enable-
gmp --enable-gnutls --enable-gpl --enable-ladspa --enable-libaom
--enable-libass --enable-libbluray --enable-libdav1d --enable-libdrm
--enable-libfreetype --enable-libfribidi --enable-libgsm --enable-
libiec61883 --enable-libjack --enable-libmfx --enable-libmodplug
--enable-libmp3lame --enable-libopencore_amrnb --enable-
libopencore_amrwb --enable-libopenjpeg --enable-libopus --enable-
libpulse --enable-librav1e --enable-librsvg --enable-libsoxr --enable-
libspeex --enable-libsrt --enable-libssh --enable-libtheora --enable-
libv4l2 --enable-libvidstab --enable-libvmaf --enable-libvorbis
--enable-libvpx --enable-libwebp --enable-libx264 --enable-libx265
--enable-libxcb --enable-libxml2 --enable-libxvid --enable-libzimg
--enable-nvdec --enable-nvenc --enable-shared --enable-version3
libavutil      56. 70.100 / 56. 70.100 libavcodec     58.134.100 /
58.134.100 libavformat    58. 76.100 / 58. 76.100 libavdevice    58.
13.100 / 58. 13.100 libavfilter     7.110.100 /  7.110.100 libswscale
5.  9.100 /  5.  9.100 libswresample   3.  9.100 /  3.  9.100
libpostproc    55.  9.100 / 55.  9.100
**********

2021-05-04 14:36:32,730 - Persepolis - INFO - python version: 3.9.4 (default, Apr 20 2021, 15:51:38) 
[GCC 10.2.0]
2021-05-04 14:36:32,730 - Persepolis - INFO - QT version: 5.15.2
2021-05-04 14:36:32,730 - Persepolis - INFO - PyQt version: 5.15.4
2021-05-04 14:36:32,730 - Persepolis - INFO - Operating system: Linux
2021-05-04 14:36:32,730 - Persepolis - INFO - Desktop env.: KDE
2021-05-04 14:36:34,553 - Persepolis - INFO - Aria2 is running
2021-05-04 14:36:34,553 - Persepolis - INFO - Aria2 version: 1.35.0
2021-05-04 14:36:37,567 - Persepolis - INFO - 9bab8fa0799c1f5f Starts
2021-05-04 14:36:39,123 - Persepolis - INFO - Download complete - GID : 9bab8fa0799c1f5f
2021-05-04 18:25:41,531 - Persepolis - INFO - 720dfe128334baa3 Starts
2021-05-04 18:25:41,740 - Persepolis - ERROR - Download failed - GID : 720dfe128334baa3- Message : Failed to connect to the host 5.79.76.26, cause: Network is unreachable
2021-05-04 18:33:40,257 - Persepolis - ERROR - Spider couldn't find file name
2021-05-04 18:33:40,819 - Persepolis - INFO - d0cfb8711643cf52 Starts
2021-05-04 18:39:57,848 - Persepolis - ERROR - Download failed - GID : d0cfb8711643cf52- Message : No URI available.
2021-05-04 21:31:35,258 - Persepolis - ERROR - Spider couldn't find file name
2021-05-04 21:31:36,127 - Persepolis - INFO - f0a71a017438fd61 Starts
2021-05-04 21:47:22,599 - Persepolis - INFO - f0a71a017438fd61 paused
2021-05-04 21:47:25,561 - Persepolis - INFO - f0a71a017438fd61 unpaused
2021-05-04 21:59:58,971 - Persepolis - INFO - f0a71a017438fd61 paused
2021-05-04 22:00:00,384 - Persepolis - INFO - f0a71a017438fd61 unpaused
2021-05-04 22:31:37,701 - Persepolis - INFO - Download complete - GID : f0a71a017438fd61
2021-05-05 10:26:38,369 - Persepolis - INFO - Please wait ...
2021-05-05 10:26:38,377 - Persepolis - INFO - Aria2 Shutdown : OK
2021-05-05 10:26:38,980 - Persepolis - INFO - Persepolis closed!
Persepolis Download Manager, 2021/05/05 22:14:35
2021-05-05 22:14:35,434 - Persepolis - INFO - chrome: Json file is created successfully.
persepolis executer file is created successfully.

2021-05-05 22:14:35,444 - Persepolis - INFO - chromium: Json file is created successfully.
persepolis executer file is created successfully.

2021-05-05 22:14:35,456 - Persepolis - INFO - opera: Json file is created successfully.
persepolis executer file is created successfully.

2021-05-05 22:14:35,467 - Persepolis - INFO - vivaldi: Json file is created successfully.
persepolis executer file is created successfully.

2021-05-05 22:14:35,475 - Persepolis - INFO - firefox: Json file is created successfully.
persepolis executer file is created successfully.

2021-05-05 22:14:36,875 - Persepolis - INFO - youtube_dl version: 2021.04.26
2021-05-05 22:14:37,110 - Persepolis - ERROR - Aria2 didn't respond!
2021-05-05 22:14:37,110 - Persepolis - INFO - Starting Aria2
2021-05-05 22:14:37,211 - Persepolis - INFO - 
**********
ffmpeg version n4.4 Copyright (c) 2000-2021 the FFmpeg developers
built with gcc 10.2.0 (GCC) configuration: --prefix=/usr --disable-
debug --disable-static --disable-stripping --enable-amf --enable-
avisynth --enable-cuda-llvm --enable-lto --enable-fontconfig --enable-
gmp --enable-gnutls --enable-gpl --enable-ladspa --enable-libaom
--enable-libass --enable-libbluray --enable-libdav1d --enable-libdrm
--enable-libfreetype --enable-libfribidi --enable-libgsm --enable-
libiec61883 --enable-libjack --enable-libmfx --enable-libmodplug
--enable-libmp3lame --enable-libopencore_amrnb --enable-
libopencore_amrwb --enable-libopenjpeg --enable-libopus --enable-
libpulse --enable-librav1e --enable-librsvg --enable-libsoxr --enable-
libspeex --enable-libsrt --enable-libssh --enable-libtheora --enable-
libv4l2 --enable-libvidstab --enable-libvmaf --enable-libvorbis
--enable-libvpx --enable-libwebp --enable-libx264 --enable-libx265
--enable-libxcb --enable-libxml2 --enable-libxvid --enable-libzimg
--enable-nvdec --enable-nvenc --enable-shared --enable-version3
libavutil      56. 70.100 / 56. 70.100 libavcodec     58.134.100 /
58.134.100 libavformat    58. 76.100 / 58. 76.100 libavdevice    58.
13.100 / 58. 13.100 libavfilter     7.110.100 /  7.110.100 libswscale
5.  9.100 /  5.  9.100 libswresample   3.  9.100 /  3.  9.100
libpostproc    55.  9.100 / 55.  9.100
**********

2021-05-05 22:14:37,211 - Persepolis - INFO - python version: 3.9.4 (default, Apr 20 2021, 15:51:38) 
[GCC 10.2.0]
2021-05-05 22:14:37,211 - Persepolis - INFO - QT version: 5.15.2
2021-05-05 22:14:37,211 - Persepolis - INFO - PyQt version: 5.15.4
2021-05-05 22:14:37,211 - Persepolis - INFO - Operating system: Linux
2021-05-05 22:14:37,211 - Persepolis - INFO - Desktop env.: KDE
2021-05-05 22:14:39,124 - Persepolis - INFO - Aria2 is running
2021-05-05 22:14:39,124 - Persepolis - INFO - Aria2 version: 1.35.0
2021-05-05 22:14:40,497 - Persepolis - INFO - 97aa2dc1baa805c3 Starts
2021-05-05 22:14:43,620 - Persepolis - ERROR - Spider couldn't find file name
2021-05-05 22:15:01,072 - Persepolis - INFO - Download speed limit  value is changed
2021-05-05 22:20:53,716 - Persepolis - INFO - 97aa2dc1baa805c3 paused
2021-05-05 22:23:35,683 - Persepolis - INFO - 97aa2dc1baa805c3 unpaused
2021-05-05 22:31:22,014 - Persepolis - INFO - Download complete - GID : 97aa2dc1baa805c3
2021-05-05 22:31:36,501 - Persepolis - ERROR - Spider couldn't find file name
2021-05-05 22:31:37,017 - Persepolis - INFO - 1b3f00213211bc81 Starts
2021-05-05 22:31:42,380 - Persepolis - INFO - Download speed limit  value is changed
2021-05-05 22:46:07,281 - Persepolis - INFO - Download complete - GID : 1b3f00213211bc81
2021-05-05 22:50:55,512 - Persepolis - ERROR - Spider couldn't find file name
2021-05-05 22:50:57,749 - Persepolis - INFO - 488ae6f6209dc5d0 Starts
2021-05-05 22:51:06,657 - Persepolis - INFO - Download speed limit  value is changed
2021-05-05 23:01:43,528 - Persepolis - INFO - Download complete - GID : 488ae6f6209dc5d0
2021-05-05 23:02:16,210 - Persepolis - ERROR - Spider couldn't find file name
2021-05-05 23:02:17,166 - Persepolis - INFO - 1e50d5dded8f4acf Starts
2021-05-05 23:02:21,830 - Persepolis - INFO - Download speed limit  value is changed
2021-05-05 23:17:29,294 - Persepolis - INFO - Download complete - GID : 1e50d5dded8f4acf
2021-05-05 23:18:06,098 - Persepolis - ERROR - Spider couldn't find file name
2021-05-05 23:18:12,571 - Persepolis - INFO - 8fa87bb99b36b814 Starts
2021-05-05 23:18:19,642 - Persepolis - INFO - Download speed limit  value is changed
2021-05-05 23:35:01,675 - Persepolis - INFO - Download complete - GID : 8fa87bb99b36b814
2021-05-05 23:48:46,172 - Persepolis - ERROR - Spider couldn't find file name
2021-05-05 23:48:46,172 - Persepolis - ERROR - Spider couldn't find file size
2021-05-05 23:48:48,202 - Persepolis - INFO - 5b43057121652869 Starts
2021-05-06 00:01:32,223 - Persepolis - INFO - 5b43057121652869 paused
2021-05-06 00:04:13,408 - Persepolis - INFO - 5b43057121652869 unpaused
2021-05-06 08:29:20,060 - Persepolis - INFO - 5b43057121652869 paused
2021-05-06 08:29:21,220 - Persepolis - INFO - 5b43057121652869 unpaused
2021-05-06 08:53:11,320 - Persepolis - INFO - 5b43057121652869 paused
2021-05-06 08:53:12,712 - Persepolis - INFO - 5b43057121652869 unpaused
2021-05-06 08:53:18,766 - Persepolis - INFO - 5b43057121652869 paused
2021-05-06 08:53:33,659 - Persepolis - ERROR - Spider couldn't find file name
2021-05-06 08:53:33,660 - Persepolis - ERROR - Spider couldn't find file size
2021-05-06 08:53:34,625 - Persepolis - INFO - 6ed24a2ca42db2fa Starts
2021-05-06 09:17:41,767 - Persepolis - INFO - 6ed24a2ca42db2fa paused
2021-05-06 09:17:42,952 - Persepolis - INFO - 6ed24a2ca42db2fa unpaused
2021-05-06 09:17:52,186 - Persepolis - INFO - 6ed24a2ca42db2fa paused
2021-05-06 09:41:19,309 - Persepolis - INFO - 6ed24a2ca42db2fa unpaused
2021-05-06 09:41:32,404 - Persepolis - INFO - 6ed24a2ca42db2fa paused
2021-05-06 11:01:47,985 - Persepolis - INFO - 6ed24a2ca42db2fa unpaused
2021-05-06 11:14:23,743 - Persepolis - INFO - 6ed24a2ca42db2fa paused
2021-04-30 12:08:50,376 - Persepolis - INFO - 6ed24a2ca42db2fa unpaused
2021-04-30 12:09:55,231 - Persepolis - INFO - 6ed24a2ca42db2fa paused
2021-05-01 12:24:57,863 - Persepolis - INFO - 6ed24a2ca42db2fa unpaused
2021-05-01 12:25:16,328 - Persepolis - INFO - 6ed24a2ca42db2fa paused
2021-05-01 12:27:23,699 - Persepolis - INFO - Please wait ...
2021-05-01 12:27:23,705 - Persepolis - INFO - 5b43057121652869 stopped
2021-05-01 12:27:23,714 - Persepolis - INFO - 6ed24a2ca42db2fa stopped
2021-05-01 12:27:23,729 - Persepolis - INFO - Aria2 Shutdown : OK
2021-05-01 12:27:24,333 - Persepolis - INFO - Persepolis closed!
Persepolis Download Manager, 2021/05/01 12:33:38
2021-05-01 12:33:38,101 - Persepolis - INFO - chrome: Json file is created successfully.
persepolis executer file is created successfully.

2021-05-01 12:33:38,115 - Persepolis - INFO - chromium: Json file is created successfully.
persepolis executer file is created successfully.

2021-05-01 12:33:38,126 - Persepolis - INFO - opera: Json file is created successfully.
persepolis executer file is created successfully.

2021-05-01 12:33:38,137 - Persepolis - INFO - vivaldi: Json file is created successfully.
persepolis executer file is created successfully.

2021-05-01 12:33:38,148 - Persepolis - INFO - firefox: Json file is created successfully.
persepolis executer file is created successfully.

2021-05-01 12:33:40,107 - Persepolis - INFO - youtube_dl version: 2021.04.26
2021-05-01 12:33:40,473 - Persepolis - ERROR - Aria2 didn't respond!
2021-05-01 12:33:40,473 - Persepolis - INFO - Starting Aria2
2021-05-01 12:33:40,904 - Persepolis - INFO - 
**********
ffmpeg version n4.4 Copyright (c) 2000-2021 the FFmpeg developers
built with gcc 10.2.0 (GCC) configuration: --prefix=/usr --disable-
debug --disable-static --disable-stripping --enable-amf --enable-
avisynth --enable-cuda-llvm --enable-lto --enable-fontconfig --enable-
gmp --enable-gnutls --enable-gpl --enable-ladspa --enable-libaom
--enable-libass --enable-libbluray --enable-libdav1d --enable-libdrm
--enable-libfreetype --enable-libfribidi --enable-libgsm --enable-
libiec61883 --enable-libjack --enable-libmfx --enable-libmodplug
--enable-libmp3lame --enable-libopencore_amrnb --enable-
libopencore_amrwb --enable-libopenjpeg --enable-libopus --enable-
libpulse --enable-librav1e --enable-librsvg --enable-libsoxr --enable-
libspeex --enable-libsrt --enable-libssh --enable-libtheora --enable-
libv4l2 --enable-libvidstab --enable-libvmaf --enable-libvorbis
--enable-libvpx --enable-libwebp --enable-libx264 --enable-libx265
--enable-libxcb --enable-libxml2 --enable-libxvid --enable-libzimg
--enable-nvdec --enable-nvenc --enable-shared --enable-version3
libavutil      56. 70.100 / 56. 70.100 libavcodec     58.134.100 /
58.134.100 libavformat    58. 76.100 / 58. 76.100 libavdevice    58.
13.100 / 58. 13.100 libavfilter     7.110.100 /  7.110.100 libswscale
5.  9.100 /  5.  9.100 libswresample   3.  9.100 /  3.  9.100
libpostproc    55.  9.100 / 55.  9.100
**********

2021-05-01 12:33:40,904 - Persepolis - INFO - python version: 3.9.4 (default, Apr 20 2021, 15:51:38) 
[GCC 10.2.0]
2021-05-01 12:33:40,904 - Persepolis - INFO - QT version: 5.15.2
2021-05-01 12:33:40,904 - Persepolis - INFO - PyQt version: 5.15.4
2021-05-01 12:33:40,904 - Persepolis - INFO - Operating system: Linux
2021-05-01 12:33:40,905 - Persepolis - INFO - Desktop env.: KDE
2021-05-01 12:33:42,527 - Persepolis - INFO - Aria2 is running
2021-05-01 12:33:42,527 - Persepolis - INFO - Aria2 version: 1.35.0
2021-05-01 12:34:35,825 - Persepolis - INFO - 6ed24a2ca42db2fa Starts
2021-05-01 12:37:35,743 - Persepolis - INFO - 6ed24a2ca42db2fa paused
2021-05-01 14:23:37,596 - Persepolis - INFO - 6ed24a2ca42db2fa unpaused
2021-05-01 14:25:18,406 - Persepolis - INFO - 6ed24a2ca42db2fa paused
2021-05-06 15:08:02,922 - Persepolis - INFO - 6ed24a2ca42db2fa unpaused
2021-05-06 15:08:08,743 - Persepolis - INFO - 6ed24a2ca42db2fa paused
2021-05-06 16:41:35,367 - Persepolis - INFO - 6ed24a2ca42db2fa unpaused
2021-05-06 16:41:58,861 - Persepolis - INFO - 6ed24a2ca42db2fa paused
2021-05-06 16:42:08,954 - Persepolis - INFO - 6ed24a2ca42db2fa unpaused
2021-05-06 16:42:33,259 - Persepolis - INFO - 6ed24a2ca42db2fa paused
2021-05-06 16:42:34,257 - Persepolis - INFO - 6ed24a2ca42db2fa unpaused
2021-05-06 16:45:01,054 - Persepolis - INFO - 6ed24a2ca42db2fa paused
2021-05-06 18:03:49,019 - Persepolis - INFO - 6ed24a2ca42db2fa unpaused
2021-05-06 18:18:44,490 - Persepolis - INFO - Download complete - GID : 6ed24a2ca42db2fa
